# JRE version: Java(TM) SE Runtime Environment (8.0_211-b12) (build 1.8.0_211-b12)
# Java VM: Java HotSpot(TM) 64-Bit Server VM (25.211-b12 mixed mode windows-amd64 compressed oops)
Heap:
 PSYoungGen      total 133632K, used 31484K [0x00000000d6200000, 0x00000000e2180000, 0x0000000100000000)
  eden space 125952K, 18% used [0x00000000d6200000,0x00000000d793f300,0x00000000ddd00000)
  from space 7680K, 99% used [0x00000000ddd00000,0x00000000de47fe28,0x00000000de480000)
  to   space 8704K, 0% used [0x00000000e1900000,0x00000000e1900000,0x00000000e2180000)
 ParOldGen       total 44544K, used 5649K [0x0000000082600000, 0x0000000085180000, 0x00000000d6200000)
  object space 44544K, 12% used [0x0000000082600000,0x0000000082b84598,0x0000000085180000)
 Metaspace       used 31067K, capacity 32460K, committed 32640K, reserved 1077248K
  class space    used 4356K, capacity 4645K, committed 4736K, reserved 1048576K
GC Heap History (10 events):
Event: 2.784 GC heap before
{Heap before GC invocations=6 (full 0):
 PSYoungGen      total 37888K, used 37881K [0x00000000d6200000, 0x00000000daf00000, 0x0000000100000000)
  eden space 32768K, 100% used [0x00000000d6200000,0x00000000d8200000,0x00000000d8200000)
  from space 5120K, 99% used [0x00000000d8200000,0x00000000d86fe5b0,0x00000000d8700000)
  to   space 6656K, 0% used [0x00000000da880000,0x00000000da880000,0x00000000daf00000)
 ParOldGen       total 86016K, used 935K [0x0000000082600000, 0x0000000087a00000, 0x00000000d6200000)
  object space 86016K, 1% used [0x0000000082600000,0x00000000826e9de0,0x0000000087a00000)
 Metaspace       used 20055K, capacity 21046K, committed 21296K, reserved 1067008K
  class space    used 2870K, capacity 3080K, committed 3200K, reserved 1048576K
Event: 2.790 GC heap after
Heap after GC invocations=6 (full 0):
 PSYoungGen      total 71680K, used 6139K [0x00000000d6200000, 0x00000000db000000, 0x0000000100000000)
  eden space 65024K, 0% used [0x00000000d6200000,0x00000000d6200000,0x00000000da180000)
  from space 6656K, 92% used [0x00000000da880000,0x00000000dae7ef00,0x00000000daf00000)
  to   space 7168K, 0% used [0x00000000da180000,0x00000000da180000,0x00000000da880000)
 ParOldGen       total 86016K, used 943K [0x0000000082600000, 0x0000000087a00000, 0x00000000d6200000)
  object space 86016K, 1% used [0x0000000082600000,0x00000000826ebde0,0x0000000087a00000)
 Metaspace       used 20055K, capacity 21046K, committed 21296K, reserved 1067008K
  class space    used 2870K, capacity 3080K, committed 3200K, reserved 1048576K
}
Event: 2.802 GC heap before
{Heap before GC invocations=7 (full 0):
 PSYoungGen      total 71680K, used 8688K [0x00000000d6200000, 0x00000000db000000, 0x0000000100000000)
  eden space 65024K, 3% used [0x00000000d6200000,0x00000000d647d168,0x00000000da180000)
  from space 6656K, 92% used [0x00000000da880000,0x00000000dae7ef00,0x00000000daf00000)
  to   space 7168K, 0% used [0x00000000da180000,0x00000000da180000,0x00000000da880000)
 ParOldGen       total 86016K, used 943K [0x0000000082600000, 0x0000000087a00000, 0x00000000d6200000)
  object space 86016K, 1% used [0x0000000082600000,0x00000000826ebde0,0x0000000087a00000)
 Metaspace       used 20129K, capacity 21142K, committed 21296K, reserved 1067008K
  class space    used 2879K, capacity 3112K, committed 3200K, reserved 1048576K
Event: 2.807 GC heap after
Heap after GC invocations=7 (full 0):
 PSYoungGen      total 72192K, used 1689K [0x00000000d6200000, 0x00000000df000000, 0x0000000100000000)
  eden space 65024K, 0% used [0x00000000d6200000,0x00000000d6200000,0x00000000da180000)
  from space 7168K, 23% used [0x00000000da180000,0x00000000da326430,0x00000000da880000)
  to   space 7680K, 0% used [0x00000000de880000,0x00000000de880000,0x00000000df000000)
 ParOldGen       total 86016K, used 4160K [0x0000000082600000, 0x0000000087a00000, 0x00000000d6200000)
  object space 86016K, 4% used [0x0000000082600000,0x0000000082a10008,0x0000000087a00000)
 Metaspace       used 20129K, capacity 21142K, committed 21296K, reserved 1067008K
  class space    used 2879K, capacity 3112K, committed 3200K, reserved 1048576K
}
Event: 2.807 GC heap before
{Heap before GC invocations=8 (full 1):
 PSYoungGen      total 72192K, used 1689K [0x00000000d6200000, 0x00000000df000000, 0x0000000100000000)
  eden space 65024K, 0% used [0x00000000d6200000,0x00000000d6200000,0x00000000da180000)
  from space 7168K, 23% used [0x00000000da180000,0x00000000da326430,0x00000000da880000)
  to   space 7680K, 0% used [0x00000000de880000,0x00000000de880000,0x00000000df000000)
 ParOldGen       total 86016K, used 4160K [0x0000000082600000, 0x0000000087a00000, 0x00000000d6200000)
  object space 86016K, 4% used [0x0000000082600000,0x0000000082a10008,0x0000000087a00000)
 Metaspace       used 20129K, capacity 21142K, committed 21296K, reserved 1067008K
  class space    used 2879K, capacity 3112K, committed 3200K, reserved 1048576K
Event: 2.842 GC heap after
Heap after GC invocations=8 (full 1):
 PSYoungGen      total 72192K, used 0K [0x00000000d6200000, 0x00000000df000000, 0x0000000100000000)
  eden space 65024K, 0% used [0x00000000d6200000,0x00000000d6200000,0x00000000da180000)
  from space 7168K, 0% used [0x00000000da180000,0x00000000da180000,0x00000000da880000)
  to   space 7680K, 0% used [0x00000000de880000,0x00000000de880000,0x00000000df000000)
 ParOldGen       total 44544K, used 4730K [0x0000000082600000, 0x0000000085180000, 0x00000000d6200000)
  object space 44544K, 10% used [0x0000000082600000,0x0000000082a9e9e8,0x0000000085180000)
 Metaspace       used 20129K, capacity 21142K, committed 21296K, reserved 1067008K
  class space    used 2879K, capacity 3112K, committed 3200K, reserved 1048576K
}
Event: 3.203 GC heap before
{Heap before GC invocations=9 (full 1):
 PSYoungGen      total 72192K, used 65024K [0x00000000d6200000, 0x00000000df000000, 0x0000000100000000)
  eden space 65024K, 100% used [0x00000000d6200000,0x00000000da180000,0x00000000da180000)
  from space 7168K, 0% used [0x00000000da180000,0x00000000da180000,0x00000000da880000)
  to   space 7680K, 0% used [0x00000000de880000,0x00000000de880000,0x00000000df000000)
 ParOldGen       total 44544K, used 4730K [0x0000000082600000, 0x0000000085180000, 0x00000000d6200000)
  object space 44544K, 10% used [0x0000000082600000,0x0000000082a9e9e8,0x0000000085180000)
 Metaspace       used 23416K, capacity 24578K, committed 24960K, reserved 1071104K
  class space    used 3367K, capacity 3626K, committed 3712K, reserved 1048576K
Event: 3.206 GC heap after
Heap after GC invocations=9 (full 1):
 PSYoungGen      total 123392K, used 3451K [0x00000000d6200000, 0x00000000dec00000, 0x0000000100000000)
  eden space 119808K, 0% used [0x00000000d6200000,0x00000000d6200000,0x00000000dd700000)
  from space 3584K, 96% used [0x00000000de880000,0x00000000debdefc8,0x00000000dec00000)
  to   space 7680K, 0% used [0x00000000ddd00000,0x00000000ddd00000,0x00000000de480000)
 ParOldGen       total 44544K, used 4738K [0x0000000082600000, 0x0000000085180000, 0x00000000d6200000)
  object space 44544K, 10% used [0x0000000082600000,0x0000000082aa09e8,0x0000000085180000)
 Metaspace       used 23416K, capacity 24578K, committed 24960K, reserved 1071104K
  class space    used 3367K, capacity 3626K, committed 3712K, reserved 1048576K
}
Event: 3.919 GC heap before
{Heap before GC invocations=10 (full 1):
 PSYoungGen      total 123392K, used 123259K [0x00000000d6200000, 0x00000000dec00000, 0x0000000100000000)
  eden space 119808K, 100% used [0x00000000d6200000,0x00000000dd700000,0x00000000dd700000)
  from space 3584K, 96% used [0x00000000de880000,0x00000000debdefc8,0x00000000dec00000)
  to   space 7680K, 0% used [0x00000000ddd00000,0x00000000ddd00000,0x00000000de480000)
 ParOldGen       total 44544K, used 4738K [0x0000000082600000, 0x0000000085180000, 0x00000000d6200000)
  object space 44544K, 10% used [0x0000000082600000,0x0000000082aa09e8,0x0000000085180000)
 Metaspace       used 30333K, capacity 31654K, committed 32000K, reserved 1077248K
  class space    used 4256K, capacity 4536K, committed 4608K, reserved 1048576K
Event: 3.932 GC heap after
Heap after GC invocations=10 (full 1):
 PSYoungGen      total 133632K, used 7679K [0x00000000d6200000, 0x00000000e2180000, 0x0000000100000000)
  eden space 125952K, 0% used [0x00000000d6200000,0x00000000d6200000,0x00000000ddd00000)
  from space 7680K, 99% used [0x00000000ddd00000,0x00000000de47fe28,0x00000000de480000)
  to   space 8704K, 0% used [0x00000000e1900000,0x00000000e1900000,0x00000000e2180000)
 ParOldGen       total 44544K, used 5649K [0x0000000082600000, 0x0000000085180000, 0x00000000d6200000)
  object space 44544K, 12% used [0x0000000082600000,0x0000000082b84598,0x0000000085180000)
 Metaspace       used 30333K, capacity 31654K, committed 32000K, reserved 1077248K
  class space    used 4256K, capacity 4536K, committed 4608K, reserved 1048576K
}

